   1              		.cpu cortex-m0
   2              		.fpu softvfp
   3              		.eabi_attribute 20, 1
   4              		.eabi_attribute 21, 1
   5              		.eabi_attribute 23, 3
   6              		.eabi_attribute 24, 1
   7              		.eabi_attribute 25, 1
   8              		.eabi_attribute 26, 1
   9              		.eabi_attribute 30, 6
  10              		.eabi_attribute 34, 0
  11              		.eabi_attribute 18, 4
  12              		.code	16
  13              		.file	"analogico.c"
  14              		.text
  15              	.Ltext0:
  16              		.cfi_sections	.debug_frame
  17              		.section	.text.InicializaAnalogico,"ax",%progbits
  18              		.align	2
  19              		.global	InicializaAnalogico
  20              		.code	16
  21              		.thumb_func
  23              	InicializaAnalogico:
  24              	.LFB0:
  25              		.file 1 "../Sources/analogico.c"
   1:../Sources/analogico.c **** /*
   2:../Sources/analogico.c ****  * analogico.c
   3:../Sources/analogico.c ****  *
   4:../Sources/analogico.c ****  *  Created on: Aug 9, 2016
   5:../Sources/analogico.c ****  *      Author: PDI
   6:../Sources/analogico.c ****  */
   7:../Sources/analogico.c **** #include "analogico.h"
   8:../Sources/analogico.c **** /********************************************************************/
   9:../Sources/analogico.c **** //
  10:../Sources/analogico.c **** /********************************************************************/
  11:../Sources/analogico.c **** void InicializaAnalogico(void)
  12:../Sources/analogico.c **** {
  26              		.loc 1 12 0
  27              		.cfi_startproc
  28 0000 80B5     		push	{r7, lr}
  29              	.LCFI0:
  30              		.cfi_def_cfa_offset 8
  31              		.cfi_offset 7, -8
  32              		.cfi_offset 14, -4
  33 0002 00AF     		add	r7, sp, #0
  34              	.LCFI1:
  35              		.cfi_def_cfa_register 7
  13:../Sources/analogico.c **** 	InicializaADC();
  36              		.loc 1 13 0
  37 0004 FFF7FEFF 		bl	InicializaADC
  14:../Sources/analogico.c **** }
  38              		.loc 1 14 0
  39 0008 BD46     		mov	sp, r7
  40              		@ sp needed for prologue
  41 000a 80BD     		pop	{r7, pc}
  42              		.cfi_endproc
  43              	.LFE0:
  45              		.section	.text.LeAnalogicoA0,"ax",%progbits
  46              		.align	2
  47              		.global	LeAnalogicoA0
  48              		.code	16
  49              		.thumb_func
  51              	LeAnalogicoA0:
  52              	.LFB1:
  15:../Sources/analogico.c **** /********************************************************************/
  16:../Sources/analogico.c **** //
  17:../Sources/analogico.c **** /********************************************************************/
  18:../Sources/analogico.c **** uint16_t LeAnalogicoA0(void)
  19:../Sources/analogico.c **** {
  53              		.loc 1 19 0
  54              		.cfi_startproc
  55 0000 80B5     		push	{r7, lr}
  56              	.LCFI2:
  57              		.cfi_def_cfa_offset 8
  58              		.cfi_offset 7, -8
  59              		.cfi_offset 14, -4
  60 0002 00AF     		add	r7, sp, #0
  61              	.LCFI3:
  62              		.cfi_def_cfa_register 7
  20:../Sources/analogico.c **** 	return (uint16_t)LeADC(A0);
  63              		.loc 1 20 0
  64 0004 0820     		mov	r0, #8
  65 0006 FFF7FEFF 		bl	LeADC
  66 000a 031C     		mov	r3, r0
  67 000c 9BB2     		uxth	r3, r3
  21:../Sources/analogico.c **** }
  68              		.loc 1 21 0
  69 000e 181C     		mov	r0, r3
  70 0010 BD46     		mov	sp, r7
  71              		@ sp needed for prologue
  72 0012 80BD     		pop	{r7, pc}
  73              		.cfi_endproc
  74              	.LFE1:
  76              		.section	.text.LeAnalogicoA1,"ax",%progbits
  77              		.align	2
  78              		.global	LeAnalogicoA1
  79              		.code	16
  80              		.thumb_func
  82              	LeAnalogicoA1:
  83              	.LFB2:
  22:../Sources/analogico.c **** /********************************************************************/
  23:../Sources/analogico.c **** //
  24:../Sources/analogico.c **** /********************************************************************/
  25:../Sources/analogico.c **** uint16_t LeAnalogicoA1(void)
  26:../Sources/analogico.c **** {
  84              		.loc 1 26 0
  85              		.cfi_startproc
  86 0000 80B5     		push	{r7, lr}
  87              	.LCFI4:
  88              		.cfi_def_cfa_offset 8
  89              		.cfi_offset 7, -8
  90              		.cfi_offset 14, -4
  91 0002 00AF     		add	r7, sp, #0
  92              	.LCFI5:
  93              		.cfi_def_cfa_register 7
  27:../Sources/analogico.c **** 	return (uint16_t)LeADC(A1);
  94              		.loc 1 27 0
  95 0004 0920     		mov	r0, #9
  96 0006 FFF7FEFF 		bl	LeADC
  97 000a 031C     		mov	r3, r0
  98 000c 9BB2     		uxth	r3, r3
  28:../Sources/analogico.c **** }
  99              		.loc 1 28 0
 100 000e 181C     		mov	r0, r3
 101 0010 BD46     		mov	sp, r7
 102              		@ sp needed for prologue
 103 0012 80BD     		pop	{r7, pc}
 104              		.cfi_endproc
 105              	.LFE2:
 107              		.section	.text.LeAnalogicoA2,"ax",%progbits
 108              		.align	2
 109              		.global	LeAnalogicoA2
 110              		.code	16
 111              		.thumb_func
 113              	LeAnalogicoA2:
 114              	.LFB3:
  29:../Sources/analogico.c **** /********************************************************************/
  30:../Sources/analogico.c **** //
  31:../Sources/analogico.c **** /********************************************************************/
  32:../Sources/analogico.c **** uint16_t LeAnalogicoA2(void)
  33:../Sources/analogico.c **** {
 115              		.loc 1 33 0
 116              		.cfi_startproc
 117 0000 80B5     		push	{r7, lr}
 118              	.LCFI6:
 119              		.cfi_def_cfa_offset 8
 120              		.cfi_offset 7, -8
 121              		.cfi_offset 14, -4
 122 0002 00AF     		add	r7, sp, #0
 123              	.LCFI7:
 124              		.cfi_def_cfa_register 7
  34:../Sources/analogico.c **** 	return (uint16_t)LeADC(A2);
 125              		.loc 1 34 0
 126 0004 0C20     		mov	r0, #12
 127 0006 FFF7FEFF 		bl	LeADC
 128 000a 031C     		mov	r3, r0
 129 000c 9BB2     		uxth	r3, r3
  35:../Sources/analogico.c **** }
 130              		.loc 1 35 0
 131 000e 181C     		mov	r0, r3
 132 0010 BD46     		mov	sp, r7
 133              		@ sp needed for prologue
 134 0012 80BD     		pop	{r7, pc}
 135              		.cfi_endproc
 136              	.LFE3:
 138              		.text
 139              	.Letext0:
DEFINED SYMBOLS
                            *ABS*:00000000 analogico.c
C:\Users\PDI\AppData\Local\Temp\ccNFRXNx.s:18     .text.InicializaAnalogico:00000000 $t
C:\Users\PDI\AppData\Local\Temp\ccNFRXNx.s:23     .text.InicializaAnalogico:00000000 InicializaAnalogico
C:\Users\PDI\AppData\Local\Temp\ccNFRXNx.s:46     .text.LeAnalogicoA0:00000000 $t
C:\Users\PDI\AppData\Local\Temp\ccNFRXNx.s:51     .text.LeAnalogicoA0:00000000 LeAnalogicoA0
C:\Users\PDI\AppData\Local\Temp\ccNFRXNx.s:77     .text.LeAnalogicoA1:00000000 $t
C:\Users\PDI\AppData\Local\Temp\ccNFRXNx.s:82     .text.LeAnalogicoA1:00000000 LeAnalogicoA1
C:\Users\PDI\AppData\Local\Temp\ccNFRXNx.s:108    .text.LeAnalogicoA2:00000000 $t
C:\Users\PDI\AppData\Local\Temp\ccNFRXNx.s:113    .text.LeAnalogicoA2:00000000 LeAnalogicoA2
                     .debug_frame:00000010 $d

UNDEFINED SYMBOLS
InicializaADC
LeADC
