   1              		.cpu cortex-m0
   2              		.fpu softvfp
   3              		.eabi_attribute 20, 1
   4              		.eabi_attribute 21, 1
   5              		.eabi_attribute 23, 3
   6              		.eabi_attribute 24, 1
   7              		.eabi_attribute 25, 1
   8              		.eabi_attribute 26, 1
   9              		.eabi_attribute 30, 6
  10              		.eabi_attribute 34, 0
  11              		.eabi_attribute 18, 4
  12              		.code	16
  13              		.file	"led_RGB.c"
  14              		.text
  15              	.Ltext0:
  16              		.cfi_sections	.debug_frame
  17              		.section	.text.InicializaLedRED,"ax",%progbits
  18              		.align	2
  19              		.global	InicializaLedRED
  20              		.code	16
  21              		.thumb_func
  23              	InicializaLedRED:
  24              	.LFB0:
  25              		.file 1 "../Sources/led_RGB.c"
   1:../Sources/led_RGB.c **** /*
   2:../Sources/led_RGB.c ****  * led_RGB.c
   3:../Sources/led_RGB.c ****  *
   4:../Sources/led_RGB.c ****  *  Created on: Aug 18, 2016
   5:../Sources/led_RGB.c ****  *      Author: PDI
   6:../Sources/led_RGB.c ****  */
   7:../Sources/led_RGB.c **** #include"led_RGB.h"
   8:../Sources/led_RGB.c **** //=========================================================
   9:../Sources/led_RGB.c **** //
  10:../Sources/led_RGB.c **** //
  11:../Sources/led_RGB.c **** //=========================================================
  12:../Sources/led_RGB.c **** void InicializaLedRED(void)
  13:../Sources/led_RGB.c **** {
  26              		.loc 1 13 0
  27              		.cfi_startproc
  28 0000 80B5     		push	{r7, lr}
  29              	.LCFI0:
  30              		.cfi_def_cfa_offset 8
  31              		.cfi_offset 7, -8
  32              		.cfi_offset 14, -4
  33 0002 00AF     		add	r7, sp, #0
  34              	.LCFI1:
  35              		.cfi_def_cfa_register 7
  14:../Sources/led_RGB.c **** 	gpio_direction(PTB,18,OUTPUT,NO_PULL_RESISTOR);		// Inicializa led RED
  36              		.loc 1 14 0
  37 0004 0120     		mov	r0, #1
  38 0006 1221     		mov	r1, #18
  39 0008 0122     		mov	r2, #1
  40 000a 0023     		mov	r3, #0
  41 000c FFF7FEFF 		bl	gpio_direction
  15:../Sources/led_RGB.c **** }
  42              		.loc 1 15 0
  43 0010 BD46     		mov	sp, r7
  44              		@ sp needed for prologue
  45 0012 80BD     		pop	{r7, pc}
  46              		.cfi_endproc
  47              	.LFE0:
  49              		.section	.text.InicializaLedGREEN,"ax",%progbits
  50              		.align	2
  51              		.global	InicializaLedGREEN
  52              		.code	16
  53              		.thumb_func
  55              	InicializaLedGREEN:
  56              	.LFB1:
  16:../Sources/led_RGB.c **** void InicializaLedGREEN(void)
  17:../Sources/led_RGB.c **** {
  57              		.loc 1 17 0
  58              		.cfi_startproc
  59 0000 80B5     		push	{r7, lr}
  60              	.LCFI2:
  61              		.cfi_def_cfa_offset 8
  62              		.cfi_offset 7, -8
  63              		.cfi_offset 14, -4
  64 0002 00AF     		add	r7, sp, #0
  65              	.LCFI3:
  66              		.cfi_def_cfa_register 7
  18:../Sources/led_RGB.c **** 	gpio_direction(PTD,1, OUTPUT,NO_PULL_RESISTOR);		// Inicializa led GREEN
  67              		.loc 1 18 0
  68 0004 0320     		mov	r0, #3
  69 0006 0121     		mov	r1, #1
  70 0008 0122     		mov	r2, #1
  71 000a 0023     		mov	r3, #0
  72 000c FFF7FEFF 		bl	gpio_direction
  19:../Sources/led_RGB.c **** }
  73              		.loc 1 19 0
  74 0010 BD46     		mov	sp, r7
  75              		@ sp needed for prologue
  76 0012 80BD     		pop	{r7, pc}
  77              		.cfi_endproc
  78              	.LFE1:
  80              		.section	.text.InicializaLedBLUE,"ax",%progbits
  81              		.align	2
  82              		.global	InicializaLedBLUE
  83              		.code	16
  84              		.thumb_func
  86              	InicializaLedBLUE:
  87              	.LFB2:
  20:../Sources/led_RGB.c **** void InicializaLedBLUE(void)
  21:../Sources/led_RGB.c **** {
  88              		.loc 1 21 0
  89              		.cfi_startproc
  90 0000 80B5     		push	{r7, lr}
  91              	.LCFI4:
  92              		.cfi_def_cfa_offset 8
  93              		.cfi_offset 7, -8
  94              		.cfi_offset 14, -4
  95 0002 00AF     		add	r7, sp, #0
  96              	.LCFI5:
  97              		.cfi_def_cfa_register 7
  22:../Sources/led_RGB.c **** 	gpio_direction(PTB,19,OUTPUT,NO_PULL_RESISTOR);		// Inicializa led BLUE
  98              		.loc 1 22 0
  99 0004 0120     		mov	r0, #1
 100 0006 1321     		mov	r1, #19
 101 0008 0122     		mov	r2, #1
 102 000a 0023     		mov	r3, #0
 103 000c FFF7FEFF 		bl	gpio_direction
  23:../Sources/led_RGB.c **** }
 104              		.loc 1 23 0
 105 0010 BD46     		mov	sp, r7
 106              		@ sp needed for prologue
 107 0012 80BD     		pop	{r7, pc}
 108              		.cfi_endproc
 109              	.LFE2:
 111              		.section	.text.AcionaLedRED,"ax",%progbits
 112              		.align	2
 113              		.global	AcionaLedRED
 114              		.code	16
 115              		.thumb_func
 117              	AcionaLedRED:
 118              	.LFB3:
  24:../Sources/led_RGB.c **** //=========================================================
  25:../Sources/led_RGB.c **** //
  26:../Sources/led_RGB.c **** //
  27:../Sources/led_RGB.c **** //=========================================================
  28:../Sources/led_RGB.c **** void AcionaLedRED(bool i)
  29:../Sources/led_RGB.c **** {	
 119              		.loc 1 29 0
 120              		.cfi_startproc
 121 0000 80B5     		push	{r7, lr}
 122              	.LCFI6:
 123              		.cfi_def_cfa_offset 8
 124              		.cfi_offset 7, -8
 125              		.cfi_offset 14, -4
 126 0002 82B0     		sub	sp, sp, #8
 127              	.LCFI7:
 128              		.cfi_def_cfa_offset 16
 129 0004 00AF     		add	r7, sp, #0
 130              	.LCFI8:
 131              		.cfi_def_cfa_register 7
 132 0006 021C     		mov	r2, r0
 133 0008 FB1D     		add	r3, r7, #7
 134 000a 1A70     		strb	r2, [r3]
  30:../Sources/led_RGB.c **** 	gpio_set(PTB,18,i);	
 135              		.loc 1 30 0
 136 000c FB1D     		add	r3, r7, #7
 137 000e 1B78     		ldrb	r3, [r3]
 138 0010 0120     		mov	r0, #1
 139 0012 1221     		mov	r1, #18
 140 0014 1A1C     		mov	r2, r3
 141 0016 FFF7FEFF 		bl	gpio_set
  31:../Sources/led_RGB.c **** }
 142              		.loc 1 31 0
 143 001a BD46     		mov	sp, r7
 144 001c 02B0     		add	sp, sp, #8
 145              		@ sp needed for prologue
 146 001e 80BD     		pop	{r7, pc}
 147              		.cfi_endproc
 148              	.LFE3:
 150              		.section	.text.AcionaLedGREEN,"ax",%progbits
 151              		.align	2
 152              		.global	AcionaLedGREEN
 153              		.code	16
 154              		.thumb_func
 156              	AcionaLedGREEN:
 157              	.LFB4:
  32:../Sources/led_RGB.c **** void AcionaLedGREEN(bool i)
  33:../Sources/led_RGB.c **** {
 158              		.loc 1 33 0
 159              		.cfi_startproc
 160 0000 80B5     		push	{r7, lr}
 161              	.LCFI9:
 162              		.cfi_def_cfa_offset 8
 163              		.cfi_offset 7, -8
 164              		.cfi_offset 14, -4
 165 0002 82B0     		sub	sp, sp, #8
 166              	.LCFI10:
 167              		.cfi_def_cfa_offset 16
 168 0004 00AF     		add	r7, sp, #0
 169              	.LCFI11:
 170              		.cfi_def_cfa_register 7
 171 0006 021C     		mov	r2, r0
 172 0008 FB1D     		add	r3, r7, #7
 173 000a 1A70     		strb	r2, [r3]
  34:../Sources/led_RGB.c **** 	gpio_set(PTD,1,i);	
 174              		.loc 1 34 0
 175 000c FB1D     		add	r3, r7, #7
 176 000e 1B78     		ldrb	r3, [r3]
 177 0010 0320     		mov	r0, #3
 178 0012 0121     		mov	r1, #1
 179 0014 1A1C     		mov	r2, r3
 180 0016 FFF7FEFF 		bl	gpio_set
  35:../Sources/led_RGB.c **** }
 181              		.loc 1 35 0
 182 001a BD46     		mov	sp, r7
 183 001c 02B0     		add	sp, sp, #8
 184              		@ sp needed for prologue
 185 001e 80BD     		pop	{r7, pc}
 186              		.cfi_endproc
 187              	.LFE4:
 189              		.section	.text.AcionaLedBLUE,"ax",%progbits
 190              		.align	2
 191              		.global	AcionaLedBLUE
 192              		.code	16
 193              		.thumb_func
 195              	AcionaLedBLUE:
 196              	.LFB5:
  36:../Sources/led_RGB.c **** void AcionaLedBLUE(bool i)
  37:../Sources/led_RGB.c **** {
 197              		.loc 1 37 0
 198              		.cfi_startproc
 199 0000 80B5     		push	{r7, lr}
 200              	.LCFI12:
 201              		.cfi_def_cfa_offset 8
 202              		.cfi_offset 7, -8
 203              		.cfi_offset 14, -4
 204 0002 82B0     		sub	sp, sp, #8
 205              	.LCFI13:
 206              		.cfi_def_cfa_offset 16
 207 0004 00AF     		add	r7, sp, #0
 208              	.LCFI14:
 209              		.cfi_def_cfa_register 7
 210 0006 021C     		mov	r2, r0
 211 0008 FB1D     		add	r3, r7, #7
 212 000a 1A70     		strb	r2, [r3]
  38:../Sources/led_RGB.c **** 	gpio_set(PTB,19,i);		
 213              		.loc 1 38 0
 214 000c FB1D     		add	r3, r7, #7
 215 000e 1B78     		ldrb	r3, [r3]
 216 0010 0120     		mov	r0, #1
 217 0012 1321     		mov	r1, #19
 218 0014 1A1C     		mov	r2, r3
 219 0016 FFF7FEFF 		bl	gpio_set
  39:../Sources/led_RGB.c **** }
 220              		.loc 1 39 0
 221 001a BD46     		mov	sp, r7
 222 001c 02B0     		add	sp, sp, #8
 223              		@ sp needed for prologue
 224 001e 80BD     		pop	{r7, pc}
 225              		.cfi_endproc
 226              	.LFE5:
 228              		.section	.text.ToggleLedRED,"ax",%progbits
 229              		.align	2
 230              		.global	ToggleLedRED
 231              		.code	16
 232              		.thumb_func
 234              	ToggleLedRED:
 235              	.LFB6:
  40:../Sources/led_RGB.c **** //=========================================================
  41:../Sources/led_RGB.c **** //
  42:../Sources/led_RGB.c **** //
  43:../Sources/led_RGB.c **** //=========================================================
  44:../Sources/led_RGB.c **** void ToggleLedRED(void)
  45:../Sources/led_RGB.c **** {
 236              		.loc 1 45 0
 237              		.cfi_startproc
 238 0000 80B5     		push	{r7, lr}
 239              	.LCFI15:
 240              		.cfi_def_cfa_offset 8
 241              		.cfi_offset 7, -8
 242              		.cfi_offset 14, -4
 243 0002 00AF     		add	r7, sp, #0
 244              	.LCFI16:
 245              		.cfi_def_cfa_register 7
  46:../Sources/led_RGB.c **** 	gpio_toggle(PTB,18);
 246              		.loc 1 46 0
 247 0004 0120     		mov	r0, #1
 248 0006 1221     		mov	r1, #18
 249 0008 FFF7FEFF 		bl	gpio_toggle
  47:../Sources/led_RGB.c **** }
 250              		.loc 1 47 0
 251 000c BD46     		mov	sp, r7
 252              		@ sp needed for prologue
 253 000e 80BD     		pop	{r7, pc}
 254              		.cfi_endproc
 255              	.LFE6:
 257              		.section	.text.ToggleLedGREEN,"ax",%progbits
 258              		.align	2
 259              		.global	ToggleLedGREEN
 260              		.code	16
 261              		.thumb_func
 263              	ToggleLedGREEN:
 264              	.LFB7:
  48:../Sources/led_RGB.c **** void ToggleLedGREEN(void)
  49:../Sources/led_RGB.c **** {
 265              		.loc 1 49 0
 266              		.cfi_startproc
 267 0000 80B5     		push	{r7, lr}
 268              	.LCFI17:
 269              		.cfi_def_cfa_offset 8
 270              		.cfi_offset 7, -8
 271              		.cfi_offset 14, -4
 272 0002 00AF     		add	r7, sp, #0
 273              	.LCFI18:
 274              		.cfi_def_cfa_register 7
  50:../Sources/led_RGB.c **** 	gpio_toggle(PTD,1);
 275              		.loc 1 50 0
 276 0004 0320     		mov	r0, #3
 277 0006 0121     		mov	r1, #1
 278 0008 FFF7FEFF 		bl	gpio_toggle
  51:../Sources/led_RGB.c **** }
 279              		.loc 1 51 0
 280 000c BD46     		mov	sp, r7
 281              		@ sp needed for prologue
 282 000e 80BD     		pop	{r7, pc}
 283              		.cfi_endproc
 284              	.LFE7:
 286              		.section	.text.ToggleLedBLUE,"ax",%progbits
 287              		.align	2
 288              		.global	ToggleLedBLUE
 289              		.code	16
 290              		.thumb_func
 292              	ToggleLedBLUE:
 293              	.LFB8:
  52:../Sources/led_RGB.c **** void ToggleLedBLUE(void)
  53:../Sources/led_RGB.c **** {
 294              		.loc 1 53 0
 295              		.cfi_startproc
 296 0000 80B5     		push	{r7, lr}
 297              	.LCFI19:
 298              		.cfi_def_cfa_offset 8
 299              		.cfi_offset 7, -8
 300              		.cfi_offset 14, -4
 301 0002 00AF     		add	r7, sp, #0
 302              	.LCFI20:
 303              		.cfi_def_cfa_register 7
  54:../Sources/led_RGB.c **** 	gpio_toggle(PTB,19);
 304              		.loc 1 54 0
 305 0004 0120     		mov	r0, #1
 306 0006 1321     		mov	r1, #19
 307 0008 FFF7FEFF 		bl	gpio_toggle
  55:../Sources/led_RGB.c **** }
 308              		.loc 1 55 0
 309 000c BD46     		mov	sp, r7
 310              		@ sp needed for prologue
 311 000e 80BD     		pop	{r7, pc}
 312              		.cfi_endproc
 313              	.LFE8:
 315              		.text
 316              	.Letext0:
 317              		.file 2 "../Sources/types.h"
DEFINED SYMBOLS
                            *ABS*:00000000 led_RGB.c
C:\Users\PDI\AppData\Local\Temp\cc7EljQb.s:18     .text.InicializaLedRED:00000000 $t
C:\Users\PDI\AppData\Local\Temp\cc7EljQb.s:23     .text.InicializaLedRED:00000000 InicializaLedRED
C:\Users\PDI\AppData\Local\Temp\cc7EljQb.s:50     .text.InicializaLedGREEN:00000000 $t
C:\Users\PDI\AppData\Local\Temp\cc7EljQb.s:55     .text.InicializaLedGREEN:00000000 InicializaLedGREEN
C:\Users\PDI\AppData\Local\Temp\cc7EljQb.s:81     .text.InicializaLedBLUE:00000000 $t
C:\Users\PDI\AppData\Local\Temp\cc7EljQb.s:86     .text.InicializaLedBLUE:00000000 InicializaLedBLUE
C:\Users\PDI\AppData\Local\Temp\cc7EljQb.s:112    .text.AcionaLedRED:00000000 $t
C:\Users\PDI\AppData\Local\Temp\cc7EljQb.s:117    .text.AcionaLedRED:00000000 AcionaLedRED
C:\Users\PDI\AppData\Local\Temp\cc7EljQb.s:151    .text.AcionaLedGREEN:00000000 $t
C:\Users\PDI\AppData\Local\Temp\cc7EljQb.s:156    .text.AcionaLedGREEN:00000000 AcionaLedGREEN
C:\Users\PDI\AppData\Local\Temp\cc7EljQb.s:190    .text.AcionaLedBLUE:00000000 $t
C:\Users\PDI\AppData\Local\Temp\cc7EljQb.s:195    .text.AcionaLedBLUE:00000000 AcionaLedBLUE
C:\Users\PDI\AppData\Local\Temp\cc7EljQb.s:229    .text.ToggleLedRED:00000000 $t
C:\Users\PDI\AppData\Local\Temp\cc7EljQb.s:234    .text.ToggleLedRED:00000000 ToggleLedRED
C:\Users\PDI\AppData\Local\Temp\cc7EljQb.s:258    .text.ToggleLedGREEN:00000000 $t
C:\Users\PDI\AppData\Local\Temp\cc7EljQb.s:263    .text.ToggleLedGREEN:00000000 ToggleLedGREEN
C:\Users\PDI\AppData\Local\Temp\cc7EljQb.s:287    .text.ToggleLedBLUE:00000000 $t
C:\Users\PDI\AppData\Local\Temp\cc7EljQb.s:292    .text.ToggleLedBLUE:00000000 ToggleLedBLUE
                     .debug_frame:00000010 $d

UNDEFINED SYMBOLS
gpio_direction
gpio_set
gpio_toggle
