   1              		.cpu cortex-m0
   2              		.fpu softvfp
   3              		.eabi_attribute 20, 1
   4              		.eabi_attribute 21, 1
   5              		.eabi_attribute 23, 3
   6              		.eabi_attribute 24, 1
   7              		.eabi_attribute 25, 1
   8              		.eabi_attribute 26, 1
   9              		.eabi_attribute 30, 6
  10              		.eabi_attribute 34, 0
  11              		.eabi_attribute 18, 4
  12              		.code	16
  13              		.file	"main.c"
  14              		.text
  15              	.Ltext0:
  16              		.cfi_sections	.debug_frame
  17              		.section	.text.main,"ax",%progbits
  18              		.align	2
  19              		.global	main
  20              		.code	16
  21              		.thumb_func
  23              	main:
  24              	.LFB0:
  25              		.file 1 "../Sources/main.c"
   1:../Sources/main.c **** /*****************************************************************
   2:../Sources/main.c ****  * 
   3:../Sources/main.c ****  * Projeto: Biblioteca FRDM-KL25 para KiT de Automação 
   4:../Sources/main.c ****  * Autor: Evandro Teixeira
   5:../Sources/main.c ****  * Informação: http://www.embarcados.com.br/kit-de-automacao/
   6:../Sources/main.c ****  *  
   7:../Sources/main.c ****  *****************************************************************/
   8:../Sources/main.c **** #include "derivative.h" /* include peripheral declarations */
   9:../Sources/main.c **** #include "externs.h"    /* Inclui os arquivos da biblioteca kit de Automação */
  10:../Sources/main.c **** 
  11:../Sources/main.c **** /* Aplicação de Demo */
  12:../Sources/main.c **** int main(void)
  13:../Sources/main.c **** {
  26              		.loc 1 13 0
  27              		.cfi_startproc
  28 0000 80B5     		push	{r7, lr}
  29              	.LCFI0:
  30              		.cfi_def_cfa_offset 8
  31              		.cfi_offset 7, -8
  32              		.cfi_offset 14, -4
  33 0002 00AF     		add	r7, sp, #0
  34              	.LCFI1:
  35              		.cfi_def_cfa_register 7
  14:../Sources/main.c **** 	InicializaRele(RELE1);		// Inicializa Rele 1 
  36              		.loc 1 14 0
  37 0004 0020     		mov	r0, #0
  38 0006 FFF7FEFF 		bl	InicializaRele
  15:../Sources/main.c **** 	InicializaSaidas(OUT_D0);   // Inicializa Saída D0
  39              		.loc 1 15 0
  40 000a 0020     		mov	r0, #0
  41 000c FFF7FEFF 		bl	InicializaSaidas
  16:../Sources/main.c **** 	InicializaEntradas(IN_D0);  // Inicializa Entrada D0
  42              		.loc 1 16 0
  43 0010 0020     		mov	r0, #0
  44 0012 FFF7FEFF 		bl	InicializaEntradas
  45              	.L4:
  17:../Sources/main.c **** 	for(;;) 
  18:../Sources/main.c **** 	{	   	   
  19:../Sources/main.c **** 		AcionaRele(RELE1,OFF);
  46              		.loc 1 19 0
  47 0016 0020     		mov	r0, #0
  48 0018 0021     		mov	r1, #0
  49 001a FFF7FEFF 		bl	AcionaRele
  20:../Sources/main.c **** 		
  21:../Sources/main.c **** 		if(EntradasDigitais(IN_D0)==TRUE)
  50              		.loc 1 21 0
  51 001e 0020     		mov	r0, #0
  52 0020 FFF7FEFF 		bl	EntradasDigitais
  53 0024 031C     		mov	r3, r0
  54 0026 012B     		cmp	r3, #1
  55 0028 04D1     		bne	.L2
  22:../Sources/main.c **** 		{
  23:../Sources/main.c **** 			SaidasDigitais(OUT_D0,ON);
  56              		.loc 1 23 0
  57 002a 0020     		mov	r0, #0
  58 002c 0121     		mov	r1, #1
  59 002e FFF7FEFF 		bl	SaidasDigitais
  24:../Sources/main.c **** 		}
  25:../Sources/main.c **** 		else
  26:../Sources/main.c **** 		{
  27:../Sources/main.c **** 			SaidasDigitais(OUT_D0,OFF);
  28:../Sources/main.c **** 		}
  29:../Sources/main.c **** 	}	
  60              		.loc 1 29 0
  61 0032 F0E7     		b	.L4
  62              	.L2:
  27:../Sources/main.c **** 			SaidasDigitais(OUT_D0,OFF);
  63              		.loc 1 27 0
  64 0034 0020     		mov	r0, #0
  65 0036 0021     		mov	r1, #0
  66 0038 FFF7FEFF 		bl	SaidasDigitais
  67              		.loc 1 29 0
  68 003c EBE7     		b	.L4
  69              		.cfi_endproc
  70              	.LFE0:
  72 003e C046     		.text
  73              	.Letext0:
  74              		.file 2 "../Sources/types.h"
DEFINED SYMBOLS
                            *ABS*:00000000 main.c
C:\Users\PDI\AppData\Local\Temp\ccfMW2v9.s:18     .text.main:00000000 $t
C:\Users\PDI\AppData\Local\Temp\ccfMW2v9.s:23     .text.main:00000000 main
                     .debug_frame:00000010 $d

UNDEFINED SYMBOLS
InicializaRele
InicializaSaidas
InicializaEntradas
AcionaRele
EntradasDigitais
SaidasDigitais
