   1              		.cpu cortex-m0
   2              		.fpu softvfp
   3              		.eabi_attribute 20, 1
   4              		.eabi_attribute 21, 1
   5              		.eabi_attribute 23, 3
   6              		.eabi_attribute 24, 1
   7              		.eabi_attribute 25, 1
   8              		.eabi_attribute 26, 1
   9              		.eabi_attribute 30, 6
  10              		.eabi_attribute 34, 0
  11              		.eabi_attribute 18, 4
  12              		.code	16
  13              		.file	"saidas.c"
  14              		.text
  15              	.Ltext0:
  16              		.cfi_sections	.debug_frame
  17              		.section	.text.InicializaSaidas,"ax",%progbits
  18              		.align	2
  19              		.global	InicializaSaidas
  20              		.code	16
  21              		.thumb_func
  23              	InicializaSaidas:
  24              	.LFB0:
  25              		.file 1 "../Sources/saidas.c"
   1:../Sources/saidas.c **** /*
   2:../Sources/saidas.c ****  * saidas.c
   3:../Sources/saidas.c ****  *
   4:../Sources/saidas.c ****  *  Created on: Jul 20, 2016
   5:../Sources/saidas.c ****  *      Author: PDI
   6:../Sources/saidas.c ****  */
   7:../Sources/saidas.c **** #include "saidas.h"
   8:../Sources/saidas.c **** //=========================================================
   9:../Sources/saidas.c **** //
  10:../Sources/saidas.c **** //
  11:../Sources/saidas.c **** //=========================================================
  12:../Sources/saidas.c **** void InicializaSaidas(uint8_t di)
  13:../Sources/saidas.c **** {
  26              		.loc 1 13 0
  27              		.cfi_startproc
  28 0000 80B5     		push	{r7, lr}
  29              	.LCFI0:
  30              		.cfi_def_cfa_offset 8
  31              		.cfi_offset 7, -8
  32              		.cfi_offset 14, -4
  33 0002 82B0     		sub	sp, sp, #8
  34              	.LCFI1:
  35              		.cfi_def_cfa_offset 16
  36 0004 00AF     		add	r7, sp, #0
  37              	.LCFI2:
  38              		.cfi_def_cfa_register 7
  39 0006 021C     		mov	r2, r0
  40 0008 FB1D     		add	r3, r7, #7
  41 000a 1A70     		strb	r2, [r3]
  14:../Sources/saidas.c **** 	switch(di)
  42              		.loc 1 14 0
  43 000c FB1D     		add	r3, r7, #7
  44 000e 1B78     		ldrb	r3, [r3]
  45 0010 012B     		cmp	r3, #1
  46 0012 0ED0     		beq	.L4
  47 0014 02DC     		bgt	.L7
  48 0016 002B     		cmp	r3, #0
  49 0018 05D0     		beq	.L3
  50 001a 1CE0     		b	.L1
  51              	.L7:
  52 001c 022B     		cmp	r3, #2
  53 001e 0ED0     		beq	.L5
  54 0020 032B     		cmp	r3, #3
  55 0022 12D0     		beq	.L6
  56 0024 17E0     		b	.L1
  57              	.L3:
  15:../Sources/saidas.c **** 	{
  16:../Sources/saidas.c **** 		case OUT_D0:
  17:../Sources/saidas.c **** 			gpio_direction(PTA,5,OUTPUT);
  58              		.loc 1 17 0
  59 0026 0020     		mov	r0, #0
  60 0028 0521     		mov	r1, #5
  61 002a 0122     		mov	r2, #1
  62 002c FFF7FEFF 		bl	gpio_direction
  18:../Sources/saidas.c **** 		break;
  63              		.loc 1 18 0
  64 0030 11E0     		b	.L1
  65              	.L4:
  19:../Sources/saidas.c **** 		case OUT_D1:
  20:../Sources/saidas.c **** 			gpio_direction(PTA,4,OUTPUT);			
  66              		.loc 1 20 0
  67 0032 0020     		mov	r0, #0
  68 0034 0421     		mov	r1, #4
  69 0036 0122     		mov	r2, #1
  70 0038 FFF7FEFF 		bl	gpio_direction
  21:../Sources/saidas.c **** 		break;
  71              		.loc 1 21 0
  72 003c 0BE0     		b	.L1
  73              	.L5:
  22:../Sources/saidas.c **** 		case OUT_D2:
  23:../Sources/saidas.c **** 			gpio_direction(PTA,12,OUTPUT);
  74              		.loc 1 23 0
  75 003e 0020     		mov	r0, #0
  76 0040 0C21     		mov	r1, #12
  77 0042 0122     		mov	r2, #1
  78 0044 FFF7FEFF 		bl	gpio_direction
  24:../Sources/saidas.c **** 		break;
  79              		.loc 1 24 0
  80 0048 05E0     		b	.L1
  81              	.L6:
  25:../Sources/saidas.c **** 		case OUT_D3:
  26:../Sources/saidas.c **** 			gpio_direction(PTD,4,OUTPUT);
  82              		.loc 1 26 0
  83 004a 0320     		mov	r0, #3
  84 004c 0421     		mov	r1, #4
  85 004e 0122     		mov	r2, #1
  86 0050 FFF7FEFF 		bl	gpio_direction
  27:../Sources/saidas.c **** 		break;
  87              		.loc 1 27 0
  88 0054 C046     		mov	r8, r8
  89              	.L1:
  28:../Sources/saidas.c **** 	}
  29:../Sources/saidas.c **** }
  90              		.loc 1 29 0
  91 0056 BD46     		mov	sp, r7
  92 0058 02B0     		add	sp, sp, #8
  93              		@ sp needed for prologue
  94 005a 80BD     		pop	{r7, pc}
  95              		.cfi_endproc
  96              	.LFE0:
  98              		.section	.text.SaidasDigitais,"ax",%progbits
  99              		.align	2
 100              		.global	SaidasDigitais
 101              		.code	16
 102              		.thumb_func
 104              	SaidasDigitais:
 105              	.LFB1:
  30:../Sources/saidas.c **** //=========================================================
  31:../Sources/saidas.c **** //
  32:../Sources/saidas.c **** //
  33:../Sources/saidas.c **** //=========================================================
  34:../Sources/saidas.c **** void SaidasDigitais(uint8_t di, bool st)
  35:../Sources/saidas.c **** {
 106              		.loc 1 35 0
 107              		.cfi_startproc
 108 0000 80B5     		push	{r7, lr}
 109              	.LCFI3:
 110              		.cfi_def_cfa_offset 8
 111              		.cfi_offset 7, -8
 112              		.cfi_offset 14, -4
 113 0002 82B0     		sub	sp, sp, #8
 114              	.LCFI4:
 115              		.cfi_def_cfa_offset 16
 116 0004 00AF     		add	r7, sp, #0
 117              	.LCFI5:
 118              		.cfi_def_cfa_register 7
 119 0006 0A1C     		mov	r2, r1
 120 0008 FB1D     		add	r3, r7, #7
 121 000a 011C     		add	r1, r0, #0
 122 000c 1970     		strb	r1, [r3]
 123 000e BB1D     		add	r3, r7, #6
 124 0010 1A70     		strb	r2, [r3]
  36:../Sources/saidas.c **** 	switch(di)
 125              		.loc 1 36 0
 126 0012 FB1D     		add	r3, r7, #7
 127 0014 1B78     		ldrb	r3, [r3]
 128 0016 012B     		cmp	r3, #1
 129 0018 18D0     		beq	.L11
 130 001a 02DC     		bgt	.L14
 131 001c 002B     		cmp	r3, #0
 132 001e 05D0     		beq	.L10
 133 0020 44E0     		b	.L8
 134              	.L14:
 135 0022 022B     		cmp	r3, #2
 136 0024 22D0     		beq	.L12
 137 0026 032B     		cmp	r3, #3
 138 0028 30D0     		beq	.L13
 139 002a 3FE0     		b	.L8
 140              	.L10:
  37:../Sources/saidas.c **** 	{
  38:../Sources/saidas.c **** 		case OUT_D0:
  39:../Sources/saidas.c **** 			if(st==ON)
 141              		.loc 1 39 0
 142 002c BB1D     		add	r3, r7, #6
 143 002e 1B78     		ldrb	r3, [r3]
 144 0030 012B     		cmp	r3, #1
 145 0032 05D1     		bne	.L15
  40:../Sources/saidas.c **** 			{
  41:../Sources/saidas.c **** 				gpio_set(PTA,5,ON);
 146              		.loc 1 41 0
 147 0034 0020     		mov	r0, #0
 148 0036 0521     		mov	r1, #5
 149 0038 0122     		mov	r2, #1
 150 003a FFF7FEFF 		bl	gpio_set
  42:../Sources/saidas.c **** 			}
  43:../Sources/saidas.c **** 			else
  44:../Sources/saidas.c **** 			{
  45:../Sources/saidas.c **** 				gpio_set(PTA,5,OFF);
  46:../Sources/saidas.c **** 			}
  47:../Sources/saidas.c **** 		break;	
 151              		.loc 1 47 0
 152 003e 35E0     		b	.L8
 153              	.L15:
  45:../Sources/saidas.c **** 				gpio_set(PTA,5,OFF);
 154              		.loc 1 45 0
 155 0040 0020     		mov	r0, #0
 156 0042 0521     		mov	r1, #5
 157 0044 0022     		mov	r2, #0
 158 0046 FFF7FEFF 		bl	gpio_set
 159              		.loc 1 47 0
 160 004a 2FE0     		b	.L8
 161              	.L11:
  48:../Sources/saidas.c **** 		case OUT_D1:
  49:../Sources/saidas.c **** 			if(st==ON)
 162              		.loc 1 49 0
 163 004c BB1D     		add	r3, r7, #6
 164 004e 1B78     		ldrb	r3, [r3]
 165 0050 012B     		cmp	r3, #1
 166 0052 05D1     		bne	.L17
  50:../Sources/saidas.c **** 			{
  51:../Sources/saidas.c **** 				gpio_set(PTA,4,ON);
 167              		.loc 1 51 0
 168 0054 0020     		mov	r0, #0
 169 0056 0421     		mov	r1, #4
 170 0058 0122     		mov	r2, #1
 171 005a FFF7FEFF 		bl	gpio_set
  52:../Sources/saidas.c **** 			}
  53:../Sources/saidas.c **** 			else
  54:../Sources/saidas.c **** 			{
  55:../Sources/saidas.c **** 				gpio_set(PTA,4,OFF);
  56:../Sources/saidas.c **** 			}
  57:../Sources/saidas.c **** 		break;	
 172              		.loc 1 57 0
 173 005e 25E0     		b	.L8
 174              	.L17:
  55:../Sources/saidas.c **** 				gpio_set(PTA,4,OFF);
 175              		.loc 1 55 0
 176 0060 0020     		mov	r0, #0
 177 0062 0421     		mov	r1, #4
 178 0064 0022     		mov	r2, #0
 179 0066 FFF7FEFF 		bl	gpio_set
 180              		.loc 1 57 0
 181 006a 1FE0     		b	.L8
 182              	.L12:
  58:../Sources/saidas.c **** 		case OUT_D2:
  59:../Sources/saidas.c **** 			if(st==ON)
 183              		.loc 1 59 0
 184 006c BB1D     		add	r3, r7, #6
 185 006e 1B78     		ldrb	r3, [r3]
 186 0070 012B     		cmp	r3, #1
 187 0072 05D1     		bne	.L19
  60:../Sources/saidas.c **** 			{
  61:../Sources/saidas.c **** 				gpio_set(PTA,12,ON);
 188              		.loc 1 61 0
 189 0074 0020     		mov	r0, #0
 190 0076 0C21     		mov	r1, #12
 191 0078 0122     		mov	r2, #1
 192 007a FFF7FEFF 		bl	gpio_set
  62:../Sources/saidas.c **** 			}
  63:../Sources/saidas.c **** 			else
  64:../Sources/saidas.c **** 			{
  65:../Sources/saidas.c **** 				gpio_set(PTA,12,OFF);
  66:../Sources/saidas.c **** 			}
  67:../Sources/saidas.c **** 		break;	
 193              		.loc 1 67 0
 194 007e 15E0     		b	.L8
 195              	.L19:
  65:../Sources/saidas.c **** 				gpio_set(PTA,12,OFF);
 196              		.loc 1 65 0
 197 0080 0020     		mov	r0, #0
 198 0082 0C21     		mov	r1, #12
 199 0084 0022     		mov	r2, #0
 200 0086 FFF7FEFF 		bl	gpio_set
 201              		.loc 1 67 0
 202 008a 0FE0     		b	.L8
 203              	.L13:
  68:../Sources/saidas.c **** 		case OUT_D3:
  69:../Sources/saidas.c **** 			if(st==ON)
 204              		.loc 1 69 0
 205 008c BB1D     		add	r3, r7, #6
 206 008e 1B78     		ldrb	r3, [r3]
 207 0090 012B     		cmp	r3, #1
 208 0092 05D1     		bne	.L21
  70:../Sources/saidas.c **** 			{
  71:../Sources/saidas.c **** 				gpio_set(PTA,4,ON);
 209              		.loc 1 71 0
 210 0094 0020     		mov	r0, #0
 211 0096 0421     		mov	r1, #4
 212 0098 0122     		mov	r2, #1
 213 009a FFF7FEFF 		bl	gpio_set
  72:../Sources/saidas.c **** 			}
  73:../Sources/saidas.c **** 			else
  74:../Sources/saidas.c **** 			{
  75:../Sources/saidas.c **** 				gpio_set(PTA,4,OFF);
  76:../Sources/saidas.c **** 			}
  77:../Sources/saidas.c **** 		break;	
 214              		.loc 1 77 0
 215 009e 04E0     		b	.L23
 216              	.L21:
  75:../Sources/saidas.c **** 				gpio_set(PTA,4,OFF);
 217              		.loc 1 75 0
 218 00a0 0020     		mov	r0, #0
 219 00a2 0421     		mov	r1, #4
 220 00a4 0022     		mov	r2, #0
 221 00a6 FFF7FEFF 		bl	gpio_set
 222              	.L23:
 223              		.loc 1 77 0
 224 00aa C046     		mov	r8, r8
 225              	.L8:
  78:../Sources/saidas.c **** 	}
  79:../Sources/saidas.c **** }
 226              		.loc 1 79 0
 227 00ac BD46     		mov	sp, r7
 228 00ae 02B0     		add	sp, sp, #8
 229              		@ sp needed for prologue
 230 00b0 80BD     		pop	{r7, pc}
 231              		.cfi_endproc
 232              	.LFE1:
 234 00b2 C046     		.text
 235              	.Letext0:
 236              		.file 2 "../Sources/types.h"
DEFINED SYMBOLS
                            *ABS*:00000000 saidas.c
C:\Users\PDI\AppData\Local\Temp\ccxHzZjI.s:18     .text.InicializaSaidas:00000000 $t
C:\Users\PDI\AppData\Local\Temp\ccxHzZjI.s:23     .text.InicializaSaidas:00000000 InicializaSaidas
C:\Users\PDI\AppData\Local\Temp\ccxHzZjI.s:99     .text.SaidasDigitais:00000000 $t
C:\Users\PDI\AppData\Local\Temp\ccxHzZjI.s:104    .text.SaidasDigitais:00000000 SaidasDigitais
                     .debug_frame:00000010 $d

UNDEFINED SYMBOLS
gpio_direction
gpio_set
